<?xml version="1.0" encoding="UTF-8"?>
<testng-results ignored="0" total="1" passed="1" failed="0" skipped="0">
  <reporter-output>
  </reporter-output>
  <suite started-at="2020-10-14T12:42:49Z" name="Default suite" finished-at="2020-10-14T12:42:56Z" duration-ms="6692">
    <groups>
    </groups>
    <test started-at="2020-10-14T12:42:49Z" name="Default test" finished-at="2020-10-14T12:42:56Z" duration-ms="6692">
      <class name="NewTest">
        <test-method signature="f()[pri:0, instance:NewTest@2d2e5f00]" started-at="2020-10-14T18:12:49Z" name="f" finished-at="2020-10-14T18:12:56Z" duration-ms="6677" status="PASS">
          <reporter-output>
          </reporter-output>
        </test-method> <!-- f -->
      </class> <!-- NewTest -->
    </test> <!-- Default test -->
  </suite> <!-- Default suite -->
</testng-results>
